#
# There is insufficient memory for the Java Runtime Environment to continue.
# Native memory allocation (malloc) failed to allocate 1048576 bytes for AllocateHeap
# Possible reasons:
#   The system is out of physical RAM or swap space
#   In 32 bit mode, the process size limit was hit
# Possible solutions:
#   Reduce memory load on the system
#   Increase physical memory or swap space
#   Check if swap backing store is full
#   Use 64 bit Java on a 64 bit OS
#   Decrease Java heap size (-Xmx/-Xms)
#   Decrease number of Java threads
#   Decrease Java thread stack sizes (-Xss)
#   Set larger code cache with -XX:ReservedCodeCacheSize=
# This output file may be truncated or incomplete.
#
#  Out of Memory Error (memory/allocation.inline.hpp:61), pid=11492, tid=0x0000000000003520
#
# JRE version:  (8.0_111-b14) (build )
# Java VM: Java HotSpot(TM) 64-Bit Server VM (25.111-b14 mixed mode windows-amd64 compressed oops)
# Failed to write core dump. Minidumps are not enabled by default on client versions of Windows
#

---------------  T H R E A D  ---------------

Current thread (0x00000000022a2800):  JavaThread "Unknown thread" [_thread_in_vm, id=13600, stack(0x00000000021a0000,0x00000000022a0000)]

Stack: [0x00000000021a0000,0x00000000022a0000]
[error occurred during error reporting (printing stack bounds), id 0xc0000005]

Native frames: (J=compiled Java code, j=interpreted, Vv=VM code, C=native code)


---------------  P R O C E S S  ---------------

Java Threads: ( => current thread )

Other Threads:

=>0x00000000022a2800 (exited) JavaThread "Unknown thread" [_thread_in_vm, id=13600, stack(0x00000000021a0000,0x00000000022a0000)]

VM state:not at safepoint (normal execution)

VM Mutex/Monitor currently owned by a thread: None

Heap:
 PSYoungGen      total 38400K, used 665K [0x00000000eab00000, 0x00000000ed580000, 0x0000000100000000)
  eden space 33280K, 2% used [0x00000000eab00000,0x00000000eaba6670,0x00000000ecb80000)
  from space 5120K, 0% used [0x00000000ed080000,0x00000000ed080000,0x00000000ed580000)
  to   space 5120K, 0% used [0x00000000ecb80000,0x00000000ecb80000,0x00000000ed080000)
 ParOldGen       total 87552K, used 0K [0x00000000c0000000, 0x00000000c5580000, 0x00000000eab00000)
  object space 87552K, 0% used [0x00000000c0000000,0x00000000c0000000,0x00000000c5580000)
 Metaspace       used 770K, capacity 4480K, committed 4480K, reserved 1056768K
  class space    used 75K, capacity 384K, committed 384K, reserved 1048576K

Card table byte_map: [0x0000000011760000,0x0000000011970000] byte_map_base: 0x0000000011160000

Marking Bits: (ParMarkBitMap*) 0x0000000077dba6c0
 Begin Bits: [0x00000000122d0000, 0x00000000132d0000)
 End Bits:   [0x00000000132d0000, 0x00000000142d0000)

Polling page: 0x0000000001f90000

CodeCache: size=245760Kb used=328Kb max_used=328Kb free=245431Kb
 bounds [0x00000000023a0000, 0x0000000002610000, 0x00000000113a0000]
 total_blobs=58 nmethods=0 adapters=38
 compilation: enabled

Compilation events (0 events):
No events

GC Heap History (0 events):
No events

Deoptimization events (0 events):
No events

Internal exceptions (0 events):
No events

Events (10 events):
Event: 0.029 loading class java/lang/Short
Event: 0.029 loading class java/lang/Short done
Event: 0.029 loading class java/lang/Integer
Event: 0.029 loading class java/lang/Integer done
Event: 0.029 loading class java/lang/Long
Event: 0.029 loading class java/lang/Long done
Event: 0.030 loading class java/lang/NullPointerException
Event: 0.030 loading class java/lang/NullPointerException done
Event: 0.030 loading class java/lang/ArithmeticException
Event: 0.030 loading class java/lang/ArithmeticException done


Dynamic libraries:
0x00007ff69efe0000 - 0x00007ff69f017000 	C:\Program Files\Java\jdk1.8.0_111\bin\java.exe
0x00007ff929cd0000 - 0x00007ff929ee4000 	C:\WINDOWS\SYSTEM32\ntdll.dll
0x00007ff9290b0000 - 0x00007ff929172000 	C:\WINDOWS\System32\KERNEL32.DLL
0x00007ff927260000 - 0x00007ff9275fc000 	C:\WINDOWS\System32\KERNELBASE.dll
0x00007ff9299c0000 - 0x00007ff929a6e000 	C:\WINDOWS\System32\ADVAPI32.dll
0x00007ff927af0000 - 0x00007ff927b97000 	C:\WINDOWS\System32\msvcrt.dll
0x00007ff928250000 - 0x00007ff9282f4000 	C:\WINDOWS\System32\sechost.dll
0x00007ff928ce0000 - 0x00007ff928df5000 	C:\WINDOWS\System32\RPCRT4.dll
0x00007ff929a80000 - 0x00007ff929c2b000 	C:\WINDOWS\System32\USER32.dll
0x00007ff927120000 - 0x00007ff927146000 	C:\WINDOWS\System32\win32u.dll
0x00007ff9298a0000 - 0x00007ff9298c9000 	C:\WINDOWS\System32\GDI32.dll
0x00007ff927680000 - 0x00007ff927792000 	C:\WINDOWS\System32\gdi32full.dll
0x00007ff9271c0000 - 0x00007ff92725a000 	C:\WINDOWS\System32\msvcp_win.dll
0x00007ff927910000 - 0x00007ff927a21000 	C:\WINDOWS\System32\ucrtbase.dll
0x00007ff926310000 - 0x00007ff92659e000 	C:\WINDOWS\WinSxS\amd64_microsoft.windows.common-controls_6595b64144ccf1df_6.0.22621.1_none_60e502bd9af5bef0\COMCTL32.dll
0x00007ff929c30000 - 0x00007ff929c61000 	C:\WINDOWS\System32\IMM32.DLL
0x00007ff9080d0000 - 0x00007ff90822f000 	C:\Program Files (x86)\Citrix\ICA Client\epclient64.dll
0x00007ff9269c0000 - 0x00007ff9269e8000 	C:\WINDOWS\SYSTEM32\bcrypt.dll
0x00007ff926120000 - 0x00007ff92612a000 	C:\WINDOWS\SYSTEM32\VERSION.dll
0x00007ff9269f0000 - 0x00007ff926a24000 	C:\WINDOWS\SYSTEM32\ntmarta.dll
0x00007ff925300000 - 0x00007ff925318000 	C:\WINDOWS\SYSTEM32\kernel.appcore.dll
0x0000000077e40000 - 0x0000000077f12000 	C:\Program Files\Java\jdk1.8.0_111\jre\bin\msvcr100.dll
0x00000000775a0000 - 0x0000000077e3a000 	C:\Program Files\Java\jdk1.8.0_111\jre\bin\server\jvm.dll
0x00007ff9299b0000 - 0x00007ff9299b8000 	C:\WINDOWS\System32\PSAPI.DLL
0x00007ff909220000 - 0x00007ff909229000 	C:\WINDOWS\SYSTEM32\WSOCK32.dll
0x00007ff9281d0000 - 0x00007ff928241000 	C:\WINDOWS\System32\WS2_32.dll
0x00007ff91c410000 - 0x00007ff91c444000 	C:\WINDOWS\SYSTEM32\WINMM.dll
0x0000000077fa0000 - 0x0000000077faf000 	C:\Program Files\Java\jdk1.8.0_111\jre\bin\verify.dll
0x0000000077f70000 - 0x0000000077f99000 	C:\Program Files\Java\jdk1.8.0_111\jre\bin\java.dll
0x0000000077f50000 - 0x0000000077f66000 	C:\Program Files\Java\jdk1.8.0_111\jre\bin\zip.dll

VM Arguments:
jvm_args: -Xmx1024M 
java_command: C:\Users\gargk\Desktop\MNIT\Final Year Project\DeepEye\APIs_Deepeye\Learning-to-rank/jars/RankLib.jar -load C:\Users\gargk\Desktop\MNIT\Final Year Project\DeepEye\APIs_Deepeye\Learning-to-rank/jars/rank.model -rank C:\Users\gargk\Desktop\MNIT\Final Year Project\DeepEye\APIs_Deepeye\Learning-to-rank/data/movies.ltr -score C:\Users\gargk\Desktop\MNIT\Final Year Project\DeepEye\APIs_Deepeye\Learning-to-rank/data/movies.score
java_class_path (initial): C:\Users\gargk\Desktop\MNIT\Final Year Project\DeepEye\APIs_Deepeye\Learning-to-rank/jars/RankLib.jar
Launcher Type: SUN_STANDARD

Environment Variables:
JAVA_HOME=C:\Program Files\Java\jdk1.8.0_111
_JAVA_OPTIONS=-Xmx1024M
PATH=C:\Program Files\Python310\Scripts\;C:\Program Files\Python310\;C:\ProgramData\Oracle\Java\javapath;C:\Program Files (x86)\Intel\iCLS Client\;C:\Program Files\Intel\iCLS Client\;C:\WINDOWS\system32;C:\WINDOWS;C:\WINDOWS\System32\Wbem;C:\WINDOWS\System32\WindowsPowerShell\v1.0\;C:\Program Files (x86)\Intel\Intel(R) Management Engine Components\DAL;C:\Program Files\Intel\Intel(R) Management Engine Components\DAL;C:\Program Files (x86)\Intel\Intel(R) Management Engine Components\IPT;C:\Program Files\Intel\Intel(R) Management Engine Components\IPT;C:\Program Files\Intel\WiFi\bin\;C:\Program Files\Common Files\Intel\WirelessCommon\;C:\WINDOWS\System32\OpenSSH\;C:\sqlite3;C:\ProgramData\chocolatey\bin;C:\dart-sdk\bin;C:\Program Files\Git\cmd;C:\Program Files\MySQL\MySQL Shell 8.0\bin\;C:\Users\gargk\AppData\Local\atom\bin;C:\src\flutter\bin;C:\Users\gargk\AppData\Local\Programs\Microsoft VS Code\bin;C:\MinGW\bin;C:\Users\gargk\AppData\Local\Microsoft\WindowsApps;C:\scrcpy;C:\Program Files\Java\jdk1.8.0_111\bin;C:\openssl-0.9.8k_X64\bin;C:\Program Files (x86)\GitHub CLI\;C:\Users\gargk\AppData\Local\GitHubDesktop\bin;
USERNAME=gargk
OS=Windows_NT
PROCESSOR_IDENTIFIER=Intel64 Family 6 Model 142 Stepping 10, GenuineIntel



---------------  S Y S T E M  ---------------

OS: Windows 10.0 , 64 bit Build 22621 (10.0.22621.1)

CPU:total 8 (4 cores per cpu, 2 threads per core) family 6 model 142 stepping 10, cmov, cx8, fxsr, mmx, sse, sse2, sse3, ssse3, sse4.1, sse4.2, popcnt, avx, avx2, aes, clmul, erms, 3dnowpref, lzcnt, ht, tsc, tscinvbit, bmi1, bmi2, adx

Memory: 4k page, physical 8267768k(764160k free), swap 11339768k(4544k free)

vm_info: Java HotSpot(TM) 64-Bit Server VM (25.111-b14) for windows-amd64 JRE (1.8.0_111-b14), built on Sep 22 2016 19:24:05 by "java_re" with MS VC++ 10.0 (VS2010)

time: Thu Jun 02 14:45:58 2022
elapsed time: 0 seconds (0d 0h 0m 0s)

