#
# There is insufficient memory for the Java Runtime Environment to continue.
# Native memory allocation (malloc) failed to allocate 1048576 bytes for AllocateHeap
# Possible reasons:
#   The system is out of physical RAM or swap space
#   In 32 bit mode, the process size limit was hit
# Possible solutions:
#   Reduce memory load on the system
#   Increase physical memory or swap space
#   Check if swap backing store is full
#   Use 64 bit Java on a 64 bit OS
#   Decrease Java heap size (-Xmx/-Xms)
#   Decrease number of Java threads
#   Decrease Java thread stack sizes (-Xss)
#   Set larger code cache with -XX:ReservedCodeCacheSize=
# This output file may be truncated or incomplete.
#
#  Out of Memory Error (memory/allocation.inline.hpp:61), pid=15616, tid=0x0000000000002340
#
# JRE version:  (8.0_111-b14) (build )
# Java VM: Java HotSpot(TM) 64-Bit Server VM (25.111-b14 mixed mode windows-amd64 compressed oops)
# Failed to write core dump. Minidumps are not enabled by default on client versions of Windows
#

---------------  T H R E A D  ---------------

Current thread (0x0000000003022800):  JavaThread "Unknown thread" [_thread_in_vm, id=9024, stack(0x0000000002f10000,0x0000000003010000)]

Stack: [0x0000000002f10000,0x0000000003010000]
[error occurred during error reporting (printing stack bounds), id 0xc0000005]

Native frames: (J=compiled Java code, j=interpreted, Vv=VM code, C=native code)


---------------  P R O C E S S  ---------------

Java Threads: ( => current thread )

Other Threads:

=>0x0000000003022800 (exited) JavaThread "Unknown thread" [_thread_in_vm, id=9024, stack(0x0000000002f10000,0x0000000003010000)]

VM state:not at safepoint (normal execution)

VM Mutex/Monitor currently owned by a thread: None

Heap:
 PSYoungGen      total 38400K, used 665K [0x00000000eab00000, 0x00000000ed580000, 0x0000000100000000)
  eden space 33280K, 2% used [0x00000000eab00000,0x00000000eaba6670,0x00000000ecb80000)
  from space 5120K, 0% used [0x00000000ed080000,0x00000000ed080000,0x00000000ed580000)
  to   space 5120K, 0% used [0x00000000ecb80000,0x00000000ecb80000,0x00000000ed080000)
 ParOldGen       total 87552K, used 0K [0x00000000c0000000, 0x00000000c5580000, 0x00000000eab00000)
  object space 87552K, 0% used [0x00000000c0000000,0x00000000c0000000,0x00000000c5580000)
 Metaspace       used 770K, capacity 4480K, committed 4480K, reserved 1056768K
  class space    used 75K, capacity 384K, committed 384K, reserved 1048576K

Card table byte_map: [0x00000000124e0000,0x00000000126f0000] byte_map_base: 0x0000000011ee0000

Marking Bits: (ParMarkBitMap*) 0x000000006103a6c0
 Begin Bits: [0x0000000013050000, 0x0000000014050000)
 End Bits:   [0x0000000014050000, 0x0000000015050000)

Polling page: 0x0000000001490000

CodeCache: size=245760Kb used=328Kb max_used=328Kb free=245431Kb
 bounds [0x0000000003120000, 0x0000000003390000, 0x0000000012120000]
 total_blobs=58 nmethods=0 adapters=38
 compilation: enabled

Compilation events (0 events):
No events

GC Heap History (0 events):
No events

Deoptimization events (0 events):
No events

Internal exceptions (0 events):
No events

Events (10 events):
Event: 0.029 loading class java/lang/Short
Event: 0.029 loading class java/lang/Short done
Event: 0.029 loading class java/lang/Integer
Event: 0.030 loading class java/lang/Integer done
Event: 0.030 loading class java/lang/Long
Event: 0.030 loading class java/lang/Long done
Event: 0.030 loading class java/lang/NullPointerException
Event: 0.030 loading class java/lang/NullPointerException done
Event: 0.030 loading class java/lang/ArithmeticException
Event: 0.030 loading class java/lang/ArithmeticException done


Dynamic libraries:
0x00007ff6fab20000 - 0x00007ff6fab57000 	C:\Program Files\Java\jdk1.8.0_111\bin\java.exe
0x00007ffbea910000 - 0x00007ffbeab24000 	C:\WINDOWS\SYSTEM32\ntdll.dll
0x00007ffbe9b30000 - 0x00007ffbe9bf2000 	C:\WINDOWS\System32\KERNEL32.DLL
0x00007ffbe7dd0000 - 0x00007ffbe816c000 	C:\WINDOWS\System32\KERNELBASE.dll
0x00007ffbe9f40000 - 0x00007ffbe9fee000 	C:\WINDOWS\System32\ADVAPI32.dll
0x00007ffbea4c0000 - 0x00007ffbea567000 	C:\WINDOWS\System32\msvcrt.dll
0x00007ffbe9ff0000 - 0x00007ffbea094000 	C:\WINDOWS\System32\sechost.dll
0x00007ffbe9220000 - 0x00007ffbe9335000 	C:\WINDOWS\System32\RPCRT4.dll
0x00007ffbea210000 - 0x00007ffbea3bb000 	C:\WINDOWS\System32\USER32.dll
0x00007ffbe8290000 - 0x00007ffbe82b6000 	C:\WINDOWS\System32\win32u.dll
0x00007ffbe9c00000 - 0x00007ffbe9c29000 	C:\WINDOWS\System32\GDI32.dll
0x00007ffbe8170000 - 0x00007ffbe8282000 	C:\WINDOWS\System32\gdi32full.dll
0x00007ffbe8690000 - 0x00007ffbe872a000 	C:\WINDOWS\System32\msvcp_win.dll
0x00007ffbe8340000 - 0x00007ffbe8451000 	C:\WINDOWS\System32\ucrtbase.dll
0x00007ffbd2580000 - 0x00007ffbd280e000 	C:\WINDOWS\WinSxS\amd64_microsoft.windows.common-controls_6595b64144ccf1df_6.0.22621.1_none_60e502bd9af5bef0\COMCTL32.dll
0x00007ffbea3c0000 - 0x00007ffbea3f1000 	C:\WINDOWS\System32\IMM32.DLL
0x00007ffbc48b0000 - 0x00007ffbc4a0f000 	C:\Program Files (x86)\Citrix\ICA Client\epclient64.dll
0x00007ffbe7710000 - 0x00007ffbe7738000 	C:\WINDOWS\SYSTEM32\bcrypt.dll
0x00007ffbcf370000 - 0x00007ffbcf37a000 	C:\WINDOWS\SYSTEM32\VERSION.dll
0x00007ffbe6ee0000 - 0x00007ffbe6f14000 	C:\WINDOWS\SYSTEM32\ntmarta.dll
0x00007ffbe6ec0000 - 0x00007ffbe6ed8000 	C:\WINDOWS\SYSTEM32\kernel.appcore.dll
0x0000000061680000 - 0x0000000061752000 	C:\Program Files\Java\jdk1.8.0_111\jre\bin\msvcr100.dll
0x0000000060820000 - 0x00000000610ba000 	C:\Program Files\Java\jdk1.8.0_111\jre\bin\server\jvm.dll
0x00007ffbe9340000 - 0x00007ffbe9348000 	C:\WINDOWS\System32\PSAPI.DLL
0x00007ffbcbd50000 - 0x00007ffbcbd59000 	C:\WINDOWS\SYSTEM32\WSOCK32.dll
0x00007ffbea730000 - 0x00007ffbea7a1000 	C:\WINDOWS\System32\WS2_32.dll
0x00007ffbdded0000 - 0x00007ffbddf04000 	C:\WINDOWS\SYSTEM32\WINMM.dll
0x0000000061670000 - 0x000000006167f000 	C:\Program Files\Java\jdk1.8.0_111\jre\bin\verify.dll
0x0000000061640000 - 0x0000000061669000 	C:\Program Files\Java\jdk1.8.0_111\jre\bin\java.dll
0x0000000061620000 - 0x0000000061636000 	C:\Program Files\Java\jdk1.8.0_111\jre\bin\zip.dll

VM Arguments:
jvm_args: -Xmx1024M 
java_command: C:\Users\gargk\Desktop\MNIT\Final Year Project\DeepEye\APIs_Deepeye\Learning-to-rank/jars/RankLib.jar -load C:\Users\gargk\Desktop\MNIT\Final Year Project\DeepEye\APIs_Deepeye\Learning-to-rank/jars/rank.model -rank C:\Users\gargk\Desktop\MNIT\Final Year Project\DeepEye\APIs_Deepeye\Learning-to-rank/data/movies.ltr -score C:\Users\gargk\Desktop\MNIT\Final Year Project\DeepEye\APIs_Deepeye\Learning-to-rank/data/movies.score
java_class_path (initial): C:\Users\gargk\Desktop\MNIT\Final Year Project\DeepEye\APIs_Deepeye\Learning-to-rank/jars/RankLib.jar
Launcher Type: SUN_STANDARD

Environment Variables:
JAVA_HOME=C:\Program Files\Java\jdk1.8.0_111
_JAVA_OPTIONS=-Xmx1024M
PATH=C:\Program Files\Python310\Scripts\;C:\Program Files\Python310\;C:\ProgramData\Oracle\Java\javapath;C:\Program Files (x86)\Intel\iCLS Client\;C:\Program Files\Intel\iCLS Client\;C:\WINDOWS\system32;C:\WINDOWS;C:\WINDOWS\System32\Wbem;C:\WINDOWS\System32\WindowsPowerShell\v1.0\;C:\Program Files (x86)\Intel\Intel(R) Management Engine Components\DAL;C:\Program Files\Intel\Intel(R) Management Engine Components\DAL;C:\Program Files (x86)\Intel\Intel(R) Management Engine Components\IPT;C:\Program Files\Intel\Intel(R) Management Engine Components\IPT;C:\Program Files\Intel\WiFi\bin\;C:\Program Files\Common Files\Intel\WirelessCommon\;C:\WINDOWS\System32\OpenSSH\;C:\sqlite3;C:\ProgramData\chocolatey\bin;C:\dart-sdk\bin;C:\Program Files\Git\cmd;C:\Program Files\MySQL\MySQL Shell 8.0\bin\;C:\Users\gargk\AppData\Local\atom\bin;C:\src\flutter\bin;C:\Users\gargk\AppData\Local\Programs\Microsoft VS Code\bin;C:\MinGW\bin;C:\Users\gargk\AppData\Local\Microsoft\WindowsApps;C:\scrcpy;C:\Program Files\Java\jdk1.8.0_111\bin;C:\openssl-0.9.8k_X64\bin;C:\Program Files (x86)\GitHub CLI\;C:\Users\gargk\AppData\Local\GitHubDesktop\bin;
USERNAME=gargk
OS=Windows_NT
PROCESSOR_IDENTIFIER=Intel64 Family 6 Model 142 Stepping 10, GenuineIntel



---------------  S Y S T E M  ---------------

OS: Windows 10.0 , 64 bit Build 22621 (10.0.22621.1)

CPU:total 8 (4 cores per cpu, 2 threads per core) family 6 model 142 stepping 10, cmov, cx8, fxsr, mmx, sse, sse2, sse3, ssse3, sse4.1, sse4.2, popcnt, avx, avx2, aes, clmul, erms, 3dnowpref, lzcnt, ht, tsc, tscinvbit, bmi1, bmi2, adx

Memory: 4k page, physical 8267768k(1055068k free), swap 11339768k(4796k free)

vm_info: Java HotSpot(TM) 64-Bit Server VM (25.111-b14) for windows-amd64 JRE (1.8.0_111-b14), built on Sep 22 2016 19:24:05 by "java_re" with MS VC++ 10.0 (VS2010)

time: Wed Jun 01 16:30:19 2022
elapsed time: 0 seconds (0d 0h 0m 0s)

